<?xml version="1.0" encoding="UTF-8"?>
<!-- Generated by org.testng.reporters.JUnitReportReporter -->
<testsuite hostname="DESKTOP-L7GDLFS" failures="0" tests="1" name="com.seleniumtest.tests.ExecutionTest" time="0.651" errors="0" timestamp="2024-12-05T00:33:36 IST" skipped="0">
  <testcase classname="com.seleniumtest.tests.ExecutionTest" name="verifyLoginTest" time="0.651"/>
</testsuite> <!-- com.seleniumtest.tests.ExecutionTest -->
